
2014/02/01 15:19:40 [error] [php] Illegal string offset 'required' (/var/www/yii/framework/web/helpers/CHtml.php:1414)
Stack trace:
#0 /var/www/yii/framework/web/CBaseController.php(126): require()
#1 /var/www/yii/framework/web/CBaseController.php(95): SiteController->renderInternal()
#2 /var/www/yii/framework/web/CController.php(869): SiteController->renderFile()
#3 /var/www/bogi3cms/protected/views/site/index.php(54): SiteController->renderPartial()
#4 /var/www/yii/framework/web/CBaseController.php(126): require()
#5 /var/www/yii/framework/web/CBaseController.php(95): SiteController->renderInternal()
#6 /var/www/yii/framework/web/CController.php(869): SiteController->renderFile()
#7 /var/www/yii/framework/web/CController.php(782): SiteController->renderPartial()
#8 /var/www/bogi3cms/protected/controllers/SiteController.php(73): SiteController->render()
#9 /var/www/yii/framework/web/actions/CInlineAction.php(49): SiteController->actionIndex()
#10 /var/www/yii/framework/web/CController.php(308): CInlineAction->runWithParams()
#11 /var/www/yii/framework/web/CController.php(286): SiteController->runAction()
#12 /var/www/yii/framework/web/CController.php(265): SiteController->runActionWithFilters()
#13 /var/www/yii/framework/web/CWebApplication.php(282): SiteController->run()
#14 /var/www/yii/framework/web/CWebApplication.php(141): CWebApplication->runController()
#15 /var/www/yii/framework/base/CApplication.php(180): CWebApplication->processRequest()
#16 /var/www/bogi3cms/index.php(15): CWebApplication->run()
REQUEST_URI=/bogi3cms/
in /var/www/bogi3cms/protected/views/site/contact.php (22)
in /var/www/bogi3cms/protected/views/site/index.php (54)
in /var/www/bogi3cms/protected/controllers/SiteController.php (73)
